<?xml version="1.0" encoding="utf-8"?>
<TestRun id="6e5bdb13-b197-455a-be43-64266eb58fe1" name="@Gladiux-Lx 2024-01-08 13:55:58" xmlns="http://microsoft.com/schemas/VisualStudio/TeamTest/2010">
  <Times creation="2024-01-08T13:55:58.3606435+01:00" queuing="2024-01-08T13:55:58.3606436+01:00" start="2024-01-08T13:55:57.0117662+01:00" finish="2024-01-08T13:55:58.3614263+01:00" />
  <TestSettings name="default" id="93b68374-f355-4d3b-a90f-751deb5a12bd">
    <Deployment runDeploymentRoot="_Gladiux-Lx_2024-01-08_13_55_58" />
  </TestSettings>
  <TestLists>
    <TestList name="Results Not in a List" id="8c84fa94-04c1-424b-9868-57a2d4851a1d" />
    <TestList name="All Loaded Results" id="19431567-8539-422a-85d7-44ee4e166bda" />
  </TestLists>
  <ResultSummary outcome="Completed">
    <Counters total="0" executed="0" passed="0" failed="0" error="0" timeout="0" aborted="0" inconclusive="0" passedButRunAborted="0" notRunnable="0" notExecuted="0" disconnected="0" warning="0" completed="0" inProgress="0" pending="0" />
    <Output>
      <StdOut>[xUnit.net 00:00:00.00] xUnit.net VSTest Adapter v2.5.6+bf9b858c26 (64-bit .NET 8.0.0)
[xUnit.net 00:00:00.08]   Discovering: ModularMonolith.Shared.IntegrationTests.Common
[xUnit.net 00:00:00.10]   Discovered:  ModularMonolith.Shared.IntegrationTests.Common
</StdOut>
    </Output>
    <RunInfos>
      <RunInfo computerName="Gladiux-Lx" outcome="Warning" timestamp="2024-01-08T13:55:57.9895127+01:00">
        <Text>No test matches the given testcase filter `FullyQualifiedName~.UnitTests` in /home/kambie/Projects/dotnet/ModularMonolith/tests/Shared/ModularMonolith.Shared.IntegrationTests.Common/bin/Debug/net8.0/ModularMonolith.Shared.IntegrationTests.Common.dll</Text>
      </RunInfo>
    </RunInfos>
    <CollectorDataEntries>
      <Collector agentName="Gladiux-Lx" uri="datacollector://microsoft/CoverletCodeCoverage/1.0" collectorDisplayName="XPlat code coverage">
        <UriAttachments>
          <UriAttachment>
            <A href="Gladiux-Lx/coverage.cobertura.xml"></A>
          </UriAttachment>
        </UriAttachments>
      </Collector>
    </CollectorDataEntries>
  </ResultSummary>
</TestRun>