<?xml version="1.0" encoding="utf-8"?>
<TestRun id="b2579fef-beda-488d-8a47-30279d0476f2" name="@Gladiux-Lx 2024-01-08 13:56:13" xmlns="http://microsoft.com/schemas/VisualStudio/TeamTest/2010">
  <Times creation="2024-01-08T13:56:13.6711607+01:00" queuing="2024-01-08T13:56:13.6711608+01:00" start="2024-01-08T13:56:11.6835068+01:00" finish="2024-01-08T13:56:13.6715809+01:00" />
  <TestSettings name="default" id="e8c63674-61ff-4662-b090-07c60a7426f3">
    <Deployment runDeploymentRoot="_Gladiux-Lx_2024-01-08_13_56_13" />
  </TestSettings>
  <TestLists>
    <TestList name="Results Not in a List" id="8c84fa94-04c1-424b-9868-57a2d4851a1d" />
    <TestList name="All Loaded Results" id="19431567-8539-422a-85d7-44ee4e166bda" />
  </TestLists>
  <ResultSummary outcome="Completed">
    <Counters total="0" executed="0" passed="0" failed="0" error="0" timeout="0" aborted="0" inconclusive="0" passedButRunAborted="0" notRunnable="0" notExecuted="0" disconnected="0" warning="0" completed="0" inProgress="0" pending="0" />
    <Output>
      <StdOut>[xUnit.net 00:00:00.00] xUnit.net VSTest Adapter v2.5.6+bf9b858c26 (64-bit .NET 8.0.0)
[xUnit.net 00:00:00.10]   Discovering: ModularMonolith.CategoryManagement.Api.IntegrationTests
[xUnit.net 00:00:00.17]   Discovered:  ModularMonolith.CategoryManagement.Api.IntegrationTests
[xUnit.net 00:00:00.17]   Starting:    ModularMonolith.CategoryManagement.Api.IntegrationTests
[xUnit.net 00:00:00.23]   Finished:    ModularMonolith.CategoryManagement.Api.IntegrationTests
</StdOut>
    </Output>
    <RunInfos>
      <RunInfo computerName="Gladiux-Lx" outcome="Warning" timestamp="2024-01-08T13:56:13.2516906+01:00">
        <Text>No test matches the given testcase filter `FullyQualifiedName~.UnitTests` in /home/kambie/Projects/dotnet/ModularMonolith/tests/Modules/CategoryManagement/ModularMonolith.CategoryManagement.Api.IntegrationTests/bin/Debug/net8.0/ModularMonolith.CategoryManagement.Api.IntegrationTests.dll</Text>
      </RunInfo>
    </RunInfos>
    <CollectorDataEntries>
      <Collector agentName="Gladiux-Lx" uri="datacollector://microsoft/CoverletCodeCoverage/1.0" collectorDisplayName="XPlat code coverage">
        <UriAttachments>
          <UriAttachment>
            <A href="Gladiux-Lx/coverage.cobertura[1].xml"></A>
          </UriAttachment>
        </UriAttachments>
      </Collector>
    </CollectorDataEntries>
  </ResultSummary>
</TestRun>