<?xml version="1.0" encoding="utf-8"?>
<TestRun id="126859ef-05ea-4b42-98a5-e943701436ef" name="@Gladiux-Lx 2024-01-08 13:56:06" xmlns="http://microsoft.com/schemas/VisualStudio/TeamTest/2010">
  <Times creation="2024-01-08T13:56:06.6376819+01:00" queuing="2024-01-08T13:56:06.6376820+01:00" start="2024-01-08T13:56:04.5365413+01:00" finish="2024-01-08T13:56:06.6382660+01:00" />
  <TestSettings name="default" id="7346b322-2371-439e-a302-b3d23460d36c">
    <Deployment runDeploymentRoot="_Gladiux-Lx_2024-01-08_13_56_06" />
  </TestSettings>
  <TestLists>
    <TestList name="Results Not in a List" id="8c84fa94-04c1-424b-9868-57a2d4851a1d" />
    <TestList name="All Loaded Results" id="19431567-8539-422a-85d7-44ee4e166bda" />
  </TestLists>
  <ResultSummary outcome="Completed">
    <Counters total="0" executed="0" passed="0" failed="0" error="0" timeout="0" aborted="0" inconclusive="0" passedButRunAborted="0" notRunnable="0" notExecuted="0" disconnected="0" warning="0" completed="0" inProgress="0" pending="0" />
    <Output>
      <StdOut>[xUnit.net 00:00:00.00] xUnit.net VSTest Adapter v2.5.6+bf9b858c26 (64-bit .NET 8.0.0)
[xUnit.net 00:00:00.11]   Discovering: ModularMonolith.Shared.Infrastructure.IntegrationTests
[xUnit.net 00:00:00.15]   Discovered:  ModularMonolith.Shared.Infrastructure.IntegrationTests
[xUnit.net 00:00:00.16]   Starting:    ModularMonolith.Shared.Infrastructure.IntegrationTests
[xUnit.net 00:00:00.19]   Finished:    ModularMonolith.Shared.Infrastructure.IntegrationTests
</StdOut>
    </Output>
    <RunInfos>
      <RunInfo computerName="Gladiux-Lx" outcome="Warning" timestamp="2024-01-08T13:56:06.0780109+01:00">
        <Text>No test matches the given testcase filter `FullyQualifiedName~.UnitTests` in /home/kambie/Projects/dotnet/ModularMonolith/tests/Shared/ModularMonolith.Shared.Infrastructure.IntegrationTests/bin/Debug/net8.0/ModularMonolith.Shared.Infrastructure.IntegrationTests.dll</Text>
      </RunInfo>
    </RunInfos>
    <CollectorDataEntries>
      <Collector agentName="Gladiux-Lx" uri="datacollector://microsoft/CoverletCodeCoverage/1.0" collectorDisplayName="XPlat code coverage">
        <UriAttachments>
          <UriAttachment>
            <A href="Gladiux-Lx/coverage.cobertura.xml"></A>
          </UriAttachment>
        </UriAttachments>
      </Collector>
    </CollectorDataEntries>
  </ResultSummary>
</TestRun>