<?xml version="1.0" encoding="utf-8"?>
<TestRun id="ec70010a-1fc8-43f3-89b5-8e48e393a57b" name="@Gladiux-Lx 2024-01-08 13:56:06" xmlns="http://microsoft.com/schemas/VisualStudio/TeamTest/2010">
  <Times creation="2024-01-08T13:56:07.0008385+01:00" queuing="2024-01-08T13:56:07.0008386+01:00" start="2024-01-08T13:56:04.9107081+01:00" finish="2024-01-08T13:56:07.0136832+01:00" />
  <TestSettings name="default" id="de6d5436-7b4a-420e-a7f8-5057db23c716">
    <Deployment runDeploymentRoot="_Gladiux-Lx_2024-01-08_13_56_06" />
  </TestSettings>
  <Results>
    <UnitTestResult executionId="56753607-2443-49b9-a2be-41b42b059f64" testId="292483ac-8b8f-54ac-4d3c-2b5411681a50" testName="ModularMonolith.Shared.Infrastructure.UnitTests.Events.EventPublisherTests.ShouldPublishMappedEventToHandler_WhenHandlerIsRegisteredAndMappingExists" computerName="Gladiux-Lx" duration="00:00:00.1421778" startTime="2024-01-08T13:56:06.6043846+01:00" endTime="2024-01-08T13:56:06.6044189+01:00" testType="13cdc9d9-ddb5-4fa4-a97d-d965ccfc6d4b" outcome="Passed" testListId="8c84fa94-04c1-424b-9868-57a2d4851a1d" relativeResultsDirectory="56753607-2443-49b9-a2be-41b42b059f64" />
    <UnitTestResult executionId="337316a0-a353-4e17-98e3-b2989af2723e" testId="f382e4b9-f58e-f15b-1338-15a087e9ac67" testName="ModularMonolith.Shared.Infrastructure.UnitTests.Events.EventPublisherTests.ShouldNotPublishEventToHandler_WhenHandlerIsNotRegistered" computerName="Gladiux-Lx" duration="00:00:00.0019791" startTime="2024-01-08T13:56:06.6201252+01:00" endTime="2024-01-08T13:56:06.6201254+01:00" testType="13cdc9d9-ddb5-4fa4-a97d-d965ccfc6d4b" outcome="Passed" testListId="8c84fa94-04c1-424b-9868-57a2d4851a1d" relativeResultsDirectory="337316a0-a353-4e17-98e3-b2989af2723e" />
    <UnitTestResult executionId="166d1e26-763e-4623-a97d-6b92971ceb69" testId="c2ee91ca-1657-3e24-d2a0-06cd61f8cf06" testName="ModularMonolith.Shared.Infrastructure.UnitTests.Events.EventPublisherTests.ShouldPublishEventToHandler_WhenHandlerIsRegistered" computerName="Gladiux-Lx" duration="00:00:00.0043445" startTime="2024-01-08T13:56:06.6190533+01:00" endTime="2024-01-08T13:56:06.6190535+01:00" testType="13cdc9d9-ddb5-4fa4-a97d-d965ccfc6d4b" outcome="Passed" testListId="8c84fa94-04c1-424b-9868-57a2d4851a1d" relativeResultsDirectory="166d1e26-763e-4623-a97d-6b92971ceb69" />
  </Results>
  <TestDefinitions>
    <UnitTest name="ModularMonolith.Shared.Infrastructure.UnitTests.Events.EventPublisherTests.ShouldNotPublishEventToHandler_WhenHandlerIsNotRegistered" storage="/home/kambie/projects/dotnet/modularmonolith/tests/shared/modularmonolith.shared.infrastructure.unittests/bin/debug/net8.0/modularmonolith.shared.infrastructure.unittests.dll" id="f382e4b9-f58e-f15b-1338-15a087e9ac67">
      <Execution id="337316a0-a353-4e17-98e3-b2989af2723e" />
      <TestMethod codeBase="/home/kambie/Projects/dotnet/ModularMonolith/tests/Shared/ModularMonolith.Shared.Infrastructure.UnitTests/bin/Debug/net8.0/ModularMonolith.Shared.Infrastructure.UnitTests.dll" adapterTypeName="executor://xunit/VsTestRunner2/netcoreapp" className="ModularMonolith.Shared.Infrastructure.UnitTests.Events.EventPublisherTests" name="ShouldNotPublishEventToHandler_WhenHandlerIsNotRegistered" />
    </UnitTest>
    <UnitTest name="ModularMonolith.Shared.Infrastructure.UnitTests.Events.EventPublisherTests.ShouldPublishMappedEventToHandler_WhenHandlerIsRegisteredAndMappingExists" storage="/home/kambie/projects/dotnet/modularmonolith/tests/shared/modularmonolith.shared.infrastructure.unittests/bin/debug/net8.0/modularmonolith.shared.infrastructure.unittests.dll" id="292483ac-8b8f-54ac-4d3c-2b5411681a50">
      <Execution id="56753607-2443-49b9-a2be-41b42b059f64" />
      <TestMethod codeBase="/home/kambie/Projects/dotnet/ModularMonolith/tests/Shared/ModularMonolith.Shared.Infrastructure.UnitTests/bin/Debug/net8.0/ModularMonolith.Shared.Infrastructure.UnitTests.dll" adapterTypeName="executor://xunit/VsTestRunner2/netcoreapp" className="ModularMonolith.Shared.Infrastructure.UnitTests.Events.EventPublisherTests" name="ShouldPublishMappedEventToHandler_WhenHandlerIsRegisteredAndMappingExists" />
    </UnitTest>
    <UnitTest name="ModularMonolith.Shared.Infrastructure.UnitTests.Events.EventPublisherTests.ShouldPublishEventToHandler_WhenHandlerIsRegistered" storage="/home/kambie/projects/dotnet/modularmonolith/tests/shared/modularmonolith.shared.infrastructure.unittests/bin/debug/net8.0/modularmonolith.shared.infrastructure.unittests.dll" id="c2ee91ca-1657-3e24-d2a0-06cd61f8cf06">
      <Execution id="166d1e26-763e-4623-a97d-6b92971ceb69" />
      <TestMethod codeBase="/home/kambie/Projects/dotnet/ModularMonolith/tests/Shared/ModularMonolith.Shared.Infrastructure.UnitTests/bin/Debug/net8.0/ModularMonolith.Shared.Infrastructure.UnitTests.dll" adapterTypeName="executor://xunit/VsTestRunner2/netcoreapp" className="ModularMonolith.Shared.Infrastructure.UnitTests.Events.EventPublisherTests" name="ShouldPublishEventToHandler_WhenHandlerIsRegistered" />
    </UnitTest>
  </TestDefinitions>
  <TestEntries>
    <TestEntry testId="292483ac-8b8f-54ac-4d3c-2b5411681a50" executionId="56753607-2443-49b9-a2be-41b42b059f64" testListId="8c84fa94-04c1-424b-9868-57a2d4851a1d" />
    <TestEntry testId="f382e4b9-f58e-f15b-1338-15a087e9ac67" executionId="337316a0-a353-4e17-98e3-b2989af2723e" testListId="8c84fa94-04c1-424b-9868-57a2d4851a1d" />
    <TestEntry testId="c2ee91ca-1657-3e24-d2a0-06cd61f8cf06" executionId="166d1e26-763e-4623-a97d-6b92971ceb69" testListId="8c84fa94-04c1-424b-9868-57a2d4851a1d" />
  </TestEntries>
  <TestLists>
    <TestList name="Results Not in a List" id="8c84fa94-04c1-424b-9868-57a2d4851a1d" />
    <TestList name="All Loaded Results" id="19431567-8539-422a-85d7-44ee4e166bda" />
  </TestLists>
  <ResultSummary outcome="Completed">
    <Counters total="3" executed="3" passed="3" failed="0" error="0" timeout="0" aborted="0" inconclusive="0" passedButRunAborted="0" notRunnable="0" notExecuted="0" disconnected="0" warning="0" completed="0" inProgress="0" pending="0" />
    <Output>
      <StdOut>[xUnit.net 00:00:00.00] xUnit.net VSTest Adapter v2.5.6+bf9b858c26 (64-bit .NET 8.0.0)
[xUnit.net 00:00:00.08]   Discovering: ModularMonolith.Shared.Infrastructure.UnitTests
[xUnit.net 00:00:00.13]   Discovered:  ModularMonolith.Shared.Infrastructure.UnitTests
[xUnit.net 00:00:00.14]   Starting:    ModularMonolith.Shared.Infrastructure.UnitTests
[xUnit.net 00:00:00.35]   Finished:    ModularMonolith.Shared.Infrastructure.UnitTests
</StdOut>
    </Output>
    <CollectorDataEntries>
      <Collector agentName="Gladiux-Lx" uri="datacollector://microsoft/CoverletCodeCoverage/1.0" collectorDisplayName="XPlat code coverage">
        <UriAttachments>
          <UriAttachment>
            <A href="Gladiux-Lx/coverage.cobertura[2].xml"></A>
          </UriAttachment>
        </UriAttachments>
      </Collector>
    </CollectorDataEntries>
  </ResultSummary>
</TestRun>